\BOOKMARK [0][-]{chapter.1}{Introduction}{}% 1
\BOOKMARK [1][-]{section.1.1}{Prior work}{chapter.1}% 2
\BOOKMARK [2][-]{subsection.1.1.1}{Intelligent Tutor Systems and student models}{section.1.1}% 3
\BOOKMARK [2][-]{subsection.1.1.2}{Educational theories for its design}{section.1.1}% 4
\BOOKMARK [2][-]{subsection.1.1.3}{IDEAS domain reasoners in Functional Programming}{section.1.1}% 5
\BOOKMARK [1][-]{section.1.2}{Our contribution: lightweight student modelling.}{chapter.1}% 6
\BOOKMARK [2][-]{subsection.1.2.1}{Problem statement and research question}{section.1.2}% 7
\BOOKMARK [2][-]{subsection.1.2.2}{Our solution}{section.1.2}% 8
\BOOKMARK [2][-]{subsection.1.2.3}{Thesis organisation}{section.1.2}% 9
\BOOKMARK [0][-]{chapter.2}{IDEAS Domain Reasoners in an ITS based on TenSteps}{}% 10
\BOOKMARK [1][-]{section.2.1}{Domain reasoners in a functional programming curriculum}{chapter.2}% 11
\BOOKMARK [2][-]{subsection.2.1.1}{Domain reasoners}{section.2.1}% 12
\BOOKMARK [2][-]{subsection.2.1.2}{A functional programming exercise}{section.2.1}% 13
\BOOKMARK [2][-]{subsection.2.1.3}{Classes of domain reasoners}{section.2.1}% 14
\BOOKMARK [1][-]{section.2.2}{The Ten Steps/Four component instructional design methodology}{chapter.2}% 15
\BOOKMARK [2][-]{subsection.2.2.1}{The four components of the training blueprint}{section.2.2}% 16
\BOOKMARK [2][-]{subsection.2.2.2}{Mapping the tensteps to ITS design with domain reasoners.}{section.2.2}% 17
\BOOKMARK [1][-]{section.2.3}{PoSets and Lattices}{chapter.2}% 18
\BOOKMARK [2][-]{subsection.2.3.1}{PoSets}{section.2.3}% 19
\BOOKMARK [2][-]{subsection.2.3.2}{Lattices}{section.2.3}% 20
\BOOKMARK [0][-]{chapter.3}{Lightweight reasoning for student models.}{}% 21
\BOOKMARK [1][-]{section.3.1}{Student model as a lattice.}{chapter.3}% 22
\BOOKMARK [2][-]{subsection.3.1.1}{Progress indicators and progress vectors}{section.3.1}% 23
\BOOKMARK [2][-]{subsection.3.1.2}{Atomic progress indicators in the student model.}{section.3.1}% 24
\BOOKMARK [2][-]{subsection.3.1.3}{Progress vectors for a student model}{section.3.1}% 25
\BOOKMARK [1][-]{section.3.2}{Student model and educational model}{chapter.3}% 26
\BOOKMARK [2][-]{subsection.3.2.1}{Contents of a learning task vector}{section.3.2}% 27
\BOOKMARK [1][-]{section.3.3}{Lightweight inferencing with rules}{chapter.3}% 28
\BOOKMARK [2][-]{subsection.3.3.1}{The loop and rule implementation in Haskell}{section.3.3}% 29
\BOOKMARK [1][-]{section.3.4}{Rules for exercises}{chapter.3}% 30
\BOOKMARK [2][-]{subsection.3.4.1}{Exercise states}{section.3.4}% 31
\BOOKMARK [2][-]{subsection.3.4.2}{Rules for exercise completion}{section.3.4}% 32
\BOOKMARK [2][-]{subsection.3.4.3}{Fast students and Knowledge Space Theory.}{section.3.4}% 33
\BOOKMARK [2][-]{subsection.3.4.4}{Exercise recommendation query}{section.3.4}% 34
\BOOKMARK [0][-]{chapter.4}{Validation}{}% 35
\BOOKMARK [1][-]{section.4.1}{Choice of scenarios}{chapter.4}% 36
\BOOKMARK [1][-]{section.4.2}{Scenario: A normal student}{chapter.4}% 37
\BOOKMARK [1][-]{section.4.3}{Scenario: A missing prerequisite}{chapter.4}% 38
\BOOKMARK [1][-]{section.4.4}{Scenario: A slow student}{chapter.4}% 39
\BOOKMARK [1][-]{section.4.5}{Scenario: A fast student}{chapter.4}% 40
\BOOKMARK [1][-]{section.4.6}{Scenario: A misconception}{chapter.4}% 41
\BOOKMARK [1][-]{section.4.7}{Scenario: Variations}{chapter.4}% 42
\BOOKMARK [1][-]{section.4.8}{Programming tutors}{chapter.4}% 43
\BOOKMARK [1][-]{section.4.9}{Threats to validity}{chapter.4}% 44
\BOOKMARK [2][-]{subsection.4.9.1}{External validity}{section.4.9}% 45
\BOOKMARK [0][-]{chapter.5}{Conclusions}{}% 46
\BOOKMARK [1][-]{section.5.1}{Research questions}{chapter.5}% 47
\BOOKMARK [1][-]{section.5.2}{Conclusions}{chapter.5}% 48
\BOOKMARK [1][-]{section.5.3}{Future work}{chapter.5}% 49
\BOOKMARK [2][-]{subsection.5.3.1}{Expansions}{section.5.3}% 50
\BOOKMARK [2][-]{subsection.5.3.2}{Improvements of the underlying rule engine}{section.5.3}% 51
\BOOKMARK [2][-]{subsection.5.3.3}{Lifecycle and migration}{section.5.3}% 52
